{"/Users/arun/Documents/Course Materials/Cognizant-DTP-Training/May2022/jest-enz-examples-may2022/simple-jest-demo/add.js": {"path":"/Users/arun/Documents/Course Materials/Cognizant-DTP-Training/May2022/jest-enz-examples-may2022/simple-jest-demo/add.js","statementMap":{"0":{"start":{"line":4,"column":2},"end":{"line":4,"column":15}},"1":{"start":{"line":8,"column":0},"end":{"line":8,"column":21}}},"fnMap":{"0":{"name":"add","decl":{"start":{"line":2,"column":9},"end":{"line":2,"column":12}},"loc":{"start":{"line":2,"column":18},"end":{"line":5,"column":1}},"line":2}},"branchMap":{},"s":{"0":2,"1":1},"f":{"0":2},"b":{},"_coverageSchema":"1a1c01bbd47fc00a2c39e90264f33305004495a9","hash":"eef8b334e910aa95fa57d35857be2815be35b8b7"}
,"/Users/arun/Documents/Course Materials/Cognizant-DTP-Training/May2022/jest-enz-examples-may2022/simple-jest-demo/random.js": {"path":"/Users/arun/Documents/Course Materials/Cognizant-DTP-Training/May2022/jest-enz-examples-may2022/simple-jest-demo/random.js","statementMap":{"0":{"start":{"line":2,"column":2},"end":{"line":5,"column":3}},"1":{"start":{"line":2,"column":19},"end":{"line":2,"column":20}},"2":{"start":{"line":3,"column":4},"end":{"line":3,"column":26}},"3":{"start":{"line":4,"column":4},"end":{"line":4,"column":27}},"4":{"start":{"line":8,"column":0},"end":{"line":8,"column":31}}},"fnMap":{"0":{"name":"execSomething","decl":{"start":{"line":1,"column":9},"end":{"line":1,"column":22}},"loc":{"start":{"line":1,"column":40},"end":{"line":6,"column":1}},"line":1}},"branchMap":{},"s":{"0":1,"1":1,"2":2,"3":2,"4":1},"f":{"0":1},"b":{},"_coverageSchema":"1a1c01bbd47fc00a2c39e90264f33305004495a9","hash":"57d151aadfaeb384f326d0d1eeab5e2c1cac9c2c"}
,"/Users/arun/Documents/Course Materials/Cognizant-DTP-Training/May2022/jest-enz-examples-may2022/simple-jest-demo/sample.js": {"path":"/Users/arun/Documents/Course Materials/Cognizant-DTP-Training/May2022/jest-enz-examples-may2022/simple-jest-demo/sample.js","statementMap":{"0":{"start":{"line":1,"column":12},"end":{"line":4,"column":1}},"1":{"start":{"line":6,"column":0},"end":{"line":6,"column":21}}},"fnMap":{},"branchMap":{},"s":{"0":1,"1":1},"f":{},"b":{},"_coverageSchema":"1a1c01bbd47fc00a2c39e90264f33305004495a9","hash":"9b48fef375e38d1cf193afca3a6faf81d7bfd45f"}
}
